<?xml version="1.0" encoding="UTF-8"?>
<!-- Generated by org.testng.reporters.JUnitReportReporter -->
<testsuite skipped="0" hostname="ip-172-31-88-49" name="test.LoginTest" tests="2" failures="0" timestamp="2021-10-28T06:55:01 UTC" time="7.926" errors="0">
  <testcase name="PositiveLogin" time="3.031" classname="test.LoginTest"/>
  <system-out/>
  <testcase name="NegativeLogin" time="4.895" classname="test.LoginTest"/>
  <system-out/>
</testsuite> <!-- test.LoginTest -->
