<?xml version="1.0" encoding="UTF-8"?>
<!-- Generated by org.testng.reporters.JUnitReportReporter -->
<testsuite skipped="0" hostname="ip-172-31-88-49" name="test.Testcase1" tests="1" failures="0" timestamp="2021-10-25T07:26:19 UTC" time="0.002" errors="0">
  <testcase name="CarLoanTest" time="0.002" classname="test.Testcase1"/>
  <system-out/>
</testsuite> <!-- test.Testcase1 -->
